0 info it worked if it ends with ok
1 verbose cli [ 'node', '/usr/local/bin/npm', 'link' ]
2 info using npm@1.4.28
3 info using node@v0.10.32
4 verbose linkPkg /Users/Shared/uclaradio.github.io
5 error Error: EACCES, symlink '/Users/Shared/uclaradio.github.io'
5 error  { [Error: EACCES, symlink '/Users/Shared/uclaradio.github.io']
5 error   errno: 3,
5 error   code: 'EACCES',
5 error   path: '/Users/Shared/uclaradio.github.io' }
6 error Please try running this command again as root/Administrator.
7 error System Darwin 14.0.0
8 error command "node" "/usr/local/bin/npm" "link"
9 error cwd /Users/Shared/uclaradio.github.io
10 error node -v v0.10.32
11 error npm -v 1.4.28
12 error path /Users/Shared/uclaradio.github.io
13 error code EACCES
14 error errno 3
15 error stack Error: EACCES, symlink '/Users/Shared/uclaradio.github.io'
16 verbose exit [ 3, true ]
